0 verbose cli /opt/homebrew/Cellar/node/25.8.0/bin/node /opt/homebrew/bin/npm
1 info using npm@11.11.0
2 info using node@v25.8.0
3 silly config load:file:/opt/homebrew/lib/node_modules/npm/npmrc
4 silly config load:file:/Users/kevinmacbookpro/Documents/sam-check/.npmrc
5 silly config load:file:/Users/kevinmacbookpro/.npmrc
6 silly config load:file:/opt/homebrew/etc/npmrc
7 verbose title npm install @prisma/adapter-pg pg
8 verbose argv "install" "@prisma/adapter-pg" "pg" "--cache" ".npm-cache"
9 verbose logfile logs-max:10 dir:/Users/kevinmacbookpro/Documents/sam-check/.npm-cache/_logs/2026-03-16T16_35_30_371Z-
10 verbose logfile /Users/kevinmacbookpro/Documents/sam-check/.npm-cache/_logs/2026-03-16T16_35_30_371Z-debug-0.log
11 silly logfile done cleaning log files
12 silly packumentCache heap:4496293888 maxSize:1124073472 maxEntrySize:562036736
13 verbose shrinkwrap failed to load node_modules/.package-lock.json out of date, updated: node_modules
14 silly idealTree buildDeps
15 silly fetch manifest @prisma/adapter-pg@*
16 silly packumentCache full:https://registry.npmjs.org/@prisma%2fadapter-pg cache-miss
17 http fetch GET 200 https://registry.npmjs.org/npm 362ms
18 http fetch GET 200 https://registry.npmjs.org/@prisma%2fadapter-pg 351ms (cache miss)
19 silly packumentCache full:https://registry.npmjs.org/@prisma%2fadapter-pg set size:undefined disposed:false
20 silly fetch manifest pg@*
21 silly packumentCache full:https://registry.npmjs.org/pg cache-miss
22 http fetch GET 200 https://registry.npmjs.org/pg 54ms (cache miss)
23 silly packumentCache full:https://registry.npmjs.org/pg set size:undefined disposed:false
24 silly fetch manifest pg-native@>=3.0.1
25 silly packumentCache full:https://registry.npmjs.org/pg-native cache-miss
26 http fetch GET 200 https://registry.npmjs.org/pg-native 42ms (cache miss)
27 silly packumentCache full:https://registry.npmjs.org/pg-native set size:undefined disposed:false
28 silly placeDep ROOT @prisma/adapter-pg@7.5.0 OK for: sam-check@0.1.0 want: *
29 silly placeDep ROOT pg@8.20.0 OK for: sam-check@0.1.0 want: *
30 silly fetch manifest pg@^8.16.3
31 silly packumentCache full:https://registry.npmjs.org/pg cache-miss
32 silly fetch manifest postgres-array@3.0.4
33 silly packumentCache full:https://registry.npmjs.org/postgres-array cache-miss
34 silly fetch manifest @types/pg@8.11.11
35 silly packumentCache full:https://registry.npmjs.org/@types%2fpg cache-miss
36 silly fetch manifest @prisma/driver-adapter-utils@7.5.0
37 silly packumentCache full:https://registry.npmjs.org/@prisma%2fdriver-adapter-utils cache-miss
38 silly fetch manifest pg-connection-string@^2.12.0
39 silly packumentCache full:https://registry.npmjs.org/pg-connection-string cache-miss
40 silly fetch manifest pg-pool@^3.13.0
41 silly packumentCache full:https://registry.npmjs.org/pg-pool cache-miss
42 silly fetch manifest pg-protocol@^1.13.0
43 silly packumentCache full:https://registry.npmjs.org/pg-protocol cache-miss
44 silly fetch manifest pg-types@2.2.0
45 silly packumentCache full:https://registry.npmjs.org/pg-types cache-miss
46 silly fetch manifest pgpass@1.0.5
47 silly packumentCache full:https://registry.npmjs.org/pgpass cache-miss
48 silly fetch manifest pg-cloudflare@^1.3.0
49 silly packumentCache full:https://registry.npmjs.org/pg-cloudflare cache-miss
50 http cache https://registry.npmjs.org/pg 7ms (cache hit)
51 silly packumentCache full:https://registry.npmjs.org/pg set size:475297 disposed:false
52 http fetch GET 200 https://registry.npmjs.org/@types%2fpg 55ms (cache miss)
53 silly packumentCache full:https://registry.npmjs.org/@types%2fpg set size:undefined disposed:false
54 http fetch GET 200 https://registry.npmjs.org/postgres-array 64ms (cache miss)
55 silly packumentCache full:https://registry.npmjs.org/postgres-array set size:undefined disposed:false
56 http fetch GET 200 https://registry.npmjs.org/pg-protocol 107ms (cache miss)
57 silly packumentCache full:https://registry.npmjs.org/pg-protocol set size:undefined disposed:false
58 http fetch GET 200 https://registry.npmjs.org/pg-types 108ms (cache miss)
59 silly packumentCache full:https://registry.npmjs.org/pg-types set size:undefined disposed:false
60 http fetch GET 200 https://registry.npmjs.org/pg-pool 112ms (cache miss)
61 silly packumentCache full:https://registry.npmjs.org/pg-pool set size:undefined disposed:false
62 http fetch GET 200 https://registry.npmjs.org/pg-cloudflare 113ms (cache miss)
63 silly packumentCache full:https://registry.npmjs.org/pg-cloudflare set size:undefined disposed:false
64 http fetch GET 200 https://registry.npmjs.org/pg-connection-string 115ms (cache miss)
65 silly packumentCache full:https://registry.npmjs.org/pg-connection-string set size:undefined disposed:false
66 http fetch GET 200 https://registry.npmjs.org/pgpass 115ms (cache miss)
67 silly packumentCache full:https://registry.npmjs.org/pgpass set size:undefined disposed:false
68 http fetch GET 200 https://registry.npmjs.org/@prisma%2fdriver-adapter-utils 332ms (cache miss)
69 silly packumentCache full:https://registry.npmjs.org/@prisma%2fdriver-adapter-utils set size:undefined disposed:false
70 silly placeDep ROOT @prisma/driver-adapter-utils@7.5.0 OK for: @prisma/adapter-pg@7.5.0 want: 7.5.0
71 silly placeDep ROOT @types/pg@8.11.11 OK for: @prisma/adapter-pg@7.5.0 want: 8.11.11
72 silly placeDep ROOT postgres-array@3.0.4 OK for: @prisma/adapter-pg@7.5.0 want: 3.0.4
73 silly fetch manifest pg-types@^4.0.1
74 silly packumentCache full:https://registry.npmjs.org/pg-types cache-miss
75 silly fetch manifest pg-protocol@*
76 silly packumentCache full:https://registry.npmjs.org/pg-protocol cache-miss
77 http cache https://registry.npmjs.org/pg-types 2ms (cache hit)
78 silly packumentCache full:https://registry.npmjs.org/pg-types set size:51397 disposed:false
79 http cache https://registry.npmjs.org/pg-protocol 3ms (cache hit)
80 silly packumentCache full:https://registry.npmjs.org/pg-protocol set size:51532 disposed:false
81 silly placeDep ROOT pg-protocol@1.13.0 OK for: @types/pg@8.11.11 want: *
82 silly placeDep ROOT pg-types@4.1.0 OK for: @types/pg@8.11.11 want: ^4.0.1
83 silly fetch manifest pg-int8@1.0.1
84 silly packumentCache full:https://registry.npmjs.org/pg-int8 cache-miss
85 silly fetch manifest pg-numeric@1.0.2
86 silly packumentCache full:https://registry.npmjs.org/pg-numeric cache-miss
87 silly fetch manifest postgres-bytea@~3.0.0
88 silly packumentCache full:https://registry.npmjs.org/postgres-bytea cache-miss
89 silly fetch manifest postgres-date@~2.1.0
90 silly packumentCache full:https://registry.npmjs.org/postgres-date cache-miss
91 silly fetch manifest postgres-interval@^3.0.0
92 silly packumentCache full:https://registry.npmjs.org/postgres-interval cache-miss
93 silly fetch manifest postgres-range@^1.1.1
94 silly packumentCache full:https://registry.npmjs.org/postgres-range cache-miss
95 http fetch GET 200 https://registry.npmjs.org/postgres-bytea 34ms (cache miss)
96 silly packumentCache full:https://registry.npmjs.org/postgres-bytea set size:undefined disposed:false
97 http fetch GET 200 https://registry.npmjs.org/postgres-date 35ms (cache miss)
98 silly packumentCache full:https://registry.npmjs.org/postgres-date set size:undefined disposed:false
99 http fetch GET 200 https://registry.npmjs.org/postgres-interval 41ms (cache miss)
100 silly packumentCache full:https://registry.npmjs.org/postgres-interval set size:undefined disposed:false
101 http fetch GET 200 https://registry.npmjs.org/postgres-range 42ms (cache miss)
102 silly packumentCache full:https://registry.npmjs.org/postgres-range set size:undefined disposed:false
103 http fetch GET 200 https://registry.npmjs.org/pg-int8 46ms (cache miss)
104 silly packumentCache full:https://registry.npmjs.org/pg-int8 set size:undefined disposed:false
105 http fetch GET 200 https://registry.npmjs.org/pg-numeric 52ms (cache miss)
106 silly packumentCache full:https://registry.npmjs.org/pg-numeric set size:undefined disposed:false
107 silly fetch manifest pg@>=8.0
108 silly packumentCache full:https://registry.npmjs.org/pg cache-hit
109 silly placeDep ROOT pg-cloudflare@1.3.0 OK for: pg@8.20.0 want: ^1.3.0
110 silly placeDep ROOT pg-connection-string@2.12.0 OK for: pg@8.20.0 want: ^2.12.0
111 silly placeDep ROOT pg-pool@3.13.0 OK for: pg@8.20.0 want: ^3.13.0
112 silly placeDep node_modules/pg pg-types@2.2.0 OK for: pg@8.20.0 want: 2.2.0
113 silly placeDep ROOT pgpass@1.0.5 OK for: pg@8.20.0 want: 1.0.5
114 silly fetch manifest postgres-date@~1.0.4
115 silly packumentCache full:https://registry.npmjs.org/postgres-date cache-miss
116 silly fetch manifest postgres-array@~2.0.0
117 silly packumentCache full:https://registry.npmjs.org/postgres-array cache-miss
118 silly fetch manifest postgres-bytea@~1.0.0
119 silly packumentCache full:https://registry.npmjs.org/postgres-bytea cache-miss
120 silly fetch manifest postgres-interval@^1.1.0
121 silly packumentCache full:https://registry.npmjs.org/postgres-interval cache-miss
122 silly fetch manifest split2@^4.1.0
123 silly packumentCache full:https://registry.npmjs.org/split2 cache-miss
124 http cache https://registry.npmjs.org/postgres-date 3ms (cache hit)
125 silly packumentCache full:https://registry.npmjs.org/postgres-date set size:27126 disposed:false
126 http cache https://registry.npmjs.org/postgres-bytea 2ms (cache hit)
127 silly packumentCache full:https://registry.npmjs.org/postgres-bytea set size:8854 disposed:false
128 http cache https://registry.npmjs.org/postgres-array 2ms (cache hit)
129 silly packumentCache full:https://registry.npmjs.org/postgres-array set size:21967 disposed:false
130 http cache https://registry.npmjs.org/postgres-interval 2ms (cache hit)
131 silly packumentCache full:https://registry.npmjs.org/postgres-interval set size:30514 disposed:false
132 http fetch GET 200 https://registry.npmjs.org/split2 54ms (cache miss)
133 silly packumentCache full:https://registry.npmjs.org/split2 set size:undefined disposed:false
134 silly placeDep ROOT pg-int8@1.0.1 OK for: pg-types@4.1.0 want: 1.0.1
135 silly placeDep ROOT pg-numeric@1.0.2 OK for: pg-types@4.1.0 want: 1.0.2
136 silly placeDep ROOT postgres-bytea@3.0.0 OK for: pg-types@4.1.0 want: ~3.0.0
137 silly placeDep ROOT postgres-date@2.1.0 OK for: pg-types@4.1.0 want: ~2.1.0
138 silly placeDep ROOT postgres-interval@3.0.0 OK for: pg-types@4.1.0 want: ^3.0.0
139 silly placeDep ROOT postgres-range@1.1.4 OK for: pg-types@4.1.0 want: ^1.1.1
140 silly fetch manifest obuf@~1.1.2
141 silly packumentCache full:https://registry.npmjs.org/obuf cache-miss
142 http fetch GET 200 https://registry.npmjs.org/obuf 49ms (cache miss)
143 silly packumentCache full:https://registry.npmjs.org/obuf set size:undefined disposed:false
144 silly placeDep ROOT split2@4.2.0 OK for: pgpass@1.0.5 want: ^4.1.0
145 silly placeDep ROOT obuf@1.1.2 OK for: postgres-bytea@3.0.0 want: ~1.1.2
146 silly fetch manifest @swc/helpers@>=0.5.17
147 silly packumentCache full:https://registry.npmjs.org/@swc%2fhelpers cache-miss
148 http fetch GET 200 https://registry.npmjs.org/@swc%2fhelpers 56ms (cache miss)
149 silly packumentCache full:https://registry.npmjs.org/@swc%2fhelpers set size:undefined disposed:false
150 silly placeDep node_modules/next-intl @swc/helpers@0.5.19 OK for: @swc/core@1.15.18 want: >=0.5.17
151 silly placeDep node_modules/pg postgres-array@2.0.0 OK for: pg-types@2.2.0 want: ~2.0.0
152 silly placeDep node_modules/pg postgres-bytea@1.0.1 OK for: pg-types@2.2.0 want: ~1.0.0
153 silly placeDep node_modules/pg postgres-date@1.0.7 OK for: pg-types@2.2.0 want: ~1.0.4
154 silly placeDep node_modules/pg postgres-interval@1.2.0 OK for: pg-types@2.2.0 want: ^1.1.0
155 silly fetch manifest xtend@^4.0.0
156 silly packumentCache full:https://registry.npmjs.org/xtend cache-miss
157 http fetch GET 200 https://registry.npmjs.org/xtend 30ms (cache miss)
158 silly packumentCache full:https://registry.npmjs.org/xtend set size:undefined disposed:false
159 silly placeDep ROOT xtend@4.0.2 OK for: postgres-interval@1.2.0 want: ^4.0.0
160 warn EBADENGINE Unsupported engine {
160 warn EBADENGINE   package: '@prisma/studio-core@0.21.1',
160 warn EBADENGINE   required: { node: '^20.19 || ^22.12 || ^24.0', pnpm: '8' },
160 warn EBADENGINE   current: { node: 'v25.8.0', npm: '11.11.0' }
160 warn EBADENGINE }
161 silly reify moves {}
162 silly audit bulk request {
162 silly audit   '@alloc/quick-lru': [ '5.2.0' ],
162 silly audit   '@auth/prisma-adapter': [ '2.11.1' ],
162 silly audit   '@auth/core': [ '0.41.1' ],
162 silly audit   jose: [ '6.2.1', '4.15.9' ],
162 silly audit   oauth4webapi: [ '3.8.5' ],
162 silly audit   'preact-render-to-string': [ '6.5.11', '5.2.6' ],
162 silly audit   '@babel/code-frame': [ '7.29.0' ],
162 silly audit   '@babel/compat-data': [ '7.29.0' ],
162 silly audit   '@babel/core': [ '7.29.0' ],
162 silly audit   '@babel/generator': [ '7.29.1' ],
162 silly audit   '@babel/helper-annotate-as-pure': [ '7.27.3' ],
162 silly audit   '@babel/helper-compilation-targets': [ '7.28.6' ],
162 silly audit   '@babel/helper-create-class-features-plugin': [ '7.28.6' ],
162 silly audit   '@babel/helper-globals': [ '7.28.0' ],
162 silly audit   '@babel/helper-member-expression-to-functions': [ '7.28.5' ],
162 silly audit   '@babel/helper-module-imports': [ '7.28.6' ],
162 silly audit   '@babel/helper-module-transforms': [ '7.28.6' ],
162 silly audit   '@babel/helper-optimise-call-expression': [ '7.27.1' ],
162 silly audit   '@babel/helper-plugin-utils': [ '7.28.6' ],
162 silly audit   '@babel/helper-replace-supers': [ '7.28.6' ],
162 silly audit   '@babel/helper-skip-transparent-expression-wrappers': [ '7.27.1' ],
162 silly audit   '@babel/helper-string-parser': [ '7.27.1' ],
162 silly audit   '@babel/helper-validator-identifier': [ '7.28.5' ],
162 silly audit   '@babel/helper-validator-option': [ '7.27.1' ],
162 silly audit   '@babel/helpers': [ '7.28.6' ],
162 silly audit   '@babel/parser': [ '7.29.0' ],
162 silly audit   '@babel/plugin-syntax-jsx': [ '7.28.6' ],
162 silly audit   '@babel/plugin-syntax-typescript': [ '7.28.6' ],
162 silly audit   '@babel/plugin-transform-modules-commonjs': [ '7.28.6' ],
162 silly audit   '@babel/plugin-transform-typescript': [ '7.28.6' ],
162 silly audit   '@babel/preset-typescript': [ '7.28.5' ],
162 silly audit   '@babel/runtime': [ '7.28.6' ],
162 silly audit   '@babel/template': [ '7.28.6' ],
162 silly audit   '@babel/traverse': [ '7.29.0' ],
162 silly audit   '@babel/types': [ '7.29.0' ],
162 silly audit   '@base-ui/react': [ '1.3.0' ],
162 silly audit   '@base-ui/utils': [ '0.2.6' ],
162 silly audit   '@chevrotain/cst-dts-gen': [ '10.5.0' ],
162 silly audit   '@chevrotain/gast': [ '10.5.0' ],
162 silly audit   '@chevrotain/types': [ '10.5.0' ],
162 silly audit   '@chevrotain/utils': [ '10.5.0' ],
162 silly audit   '@dotenvx/dotenvx': [ '1.55.1' ],
162 silly audit   commander: [ '11.1.0', '14.0.3' ],
162 silly audit   dotenv: [ '17.3.1', '16.6.1' ],
162 silly audit   execa: [ '5.1.1', '9.6.1' ],
162 silly audit   fdir: [ '6.5.0' ],
162 silly audit   'get-stream': [ '6.0.1', '9.0.1' ],
162 silly audit   'human-signals': [ '2.1.0', '8.0.1' ],
162 silly audit   'is-stream': [ '2.0.1', '4.0.1' ],
162 silly audit   isexe: [ '3.1.5', '2.0.0' ],
162 silly audit   'npm-run-path': [ '4.0.1', '6.0.0' ],
162 silly audit   onetime: [ '5.1.2', '7.0.0' ],
162 silly audit   picomatch: [ '4.0.3', '2.3.1' ],
162 silly audit   'signal-exit': [ '3.0.7', '4.1.0' ],
162 silly audit   'strip-final-newline': [ '2.0.0', '4.0.0' ],
162 silly audit   which: [ '4.0.0', '2.0.2' ],
162 silly audit   '@ecies/ciphers': [ '0.2.5' ],
162 silly audit   '@electric-sql/pglite': [ '0.3.15' ],
162 silly audit   '@electric-sql/pglite-socket': [ '0.0.20' ],
162 silly audit   '@electric-sql/pglite-tools': [ '0.2.20' ],
162 silly audit   '@emnapi/core': [ '1.9.0' ],
162 silly audit   '@emnapi/runtime': [ '1.9.0' ],
162 silly audit   '@emnapi/wasi-threads': [ '1.2.0' ],
162 silly audit   '@esbuild/aix-ppc64': [ '0.27.4' ],
162 silly audit   '@esbuild/android-arm': [ '0.27.4' ],
162 silly audit   '@esbuild/android-arm64': [ '0.27.4' ],
162 silly audit   '@esbuild/android-x64': [ '0.27.4' ],
162 silly audit   '@esbuild/darwin-arm64': [ '0.27.4' ],
162 silly audit   '@esbuild/darwin-x64': [ '0.27.4' ],
162 silly audit   '@esbuild/freebsd-arm64': [ '0.27.4' ],
162 silly audit   '@esbuild/freebsd-x64': [ '0.27.4' ],
162 silly audit   '@esbuild/linux-arm': [ '0.27.4' ],
162 silly audit   '@esbuild/linux-arm64': [ '0.27.4' ],
162 silly audit   '@esbuild/linux-ia32': [ '0.27.4' ],
162 silly audit   '@esbuild/linux-loong64': [ '0.27.4' ],
162 silly audit   '@esbuild/linux-mips64el': [ '0.27.4' ],
162 silly audit   '@esbuild/linux-ppc64': [ '0.27.4' ],
162 silly audit   '@esbuild/linux-riscv64': [ '0.27.4' ],
162 silly audit   '@esbuild/linux-s390x': [ '0.27.4' ],
162 silly audit   '@esbuild/linux-x64': [ '0.27.4' ],
162 silly audit   '@esbuild/netbsd-arm64': [ '0.27.4' ],
162 silly audit   '@esbuild/netbsd-x64': [ '0.27.4' ],
162 silly audit   '@esbuild/openbsd-arm64': [ '0.27.4' ],
162 silly audit   '@esbuild/openbsd-x64': [ '0.27.4' ],
162 silly audit   '@esbuild/openharmony-arm64': [ '0.27.4' ],
162 silly audit   '@esbuild/sunos-x64': [ '0.27.4' ],
162 silly audit   '@esbuild/win32-arm64': [ '0.27.4' ],
162 silly audit   '@esbuild/win32-ia32': [ '0.27.4' ],
162 silly audit   '@esbuild/win32-x64': [ '0.27.4' ],
162 silly audit   '@eslint-community/eslint-utils': [ '4.9.1' ],
162 silly audit   'eslint-visitor-keys': [ '3.4.3', '5.0.1', '4.2.1' ],
162 silly audit   '@eslint-community/regexpp': [ '4.12.2' ],
162 silly audit   '@eslint/config-array': [ '0.21.2' ],
162 silly audit   '@eslint/config-helpers': [ '0.4.2' ],
162 silly audit   '@eslint/core': [ '0.17.0' ],
162 silly audit   '@eslint/eslintrc': [ '3.3.5' ],
162 silly audit   '@eslint/js': [ '9.39.4' ],
162 silly audit   '@eslint/object-schema': [ '2.1.7' ],
162 silly audit   '@eslint/plugin-kit': [ '0.4.1' ],
162 silly audit   '@floating-ui/core': [ '1.7.5' ],
162 silly audit   '@floating-ui/dom': [ '1.7.6' ],
162 silly audit   '@floating-ui/react-dom': [ '2.1.8' ],
162 silly audit   '@floating-ui/utils': [ '0.2.11' ],
162 silly audit   '@formatjs/ecma402-abstract': [ '3.1.2' ],
162 silly audit   '@formatjs/fast-memoize': [ '3.1.1' ],
162 silly audit   '@formatjs/icu-messageformat-parser': [ '3.5.2' ],
162 silly audit   '@formatjs/icu-skeleton-parser': [ '2.1.2' ],
162 silly audit   '@formatjs/intl-localematcher': [ '0.8.2' ],
162 silly audit   '@hono/node-server': [ '1.19.9' ],
162 silly audit   '@humanfs/core': [ '0.19.1' ],
162 silly audit   '@humanfs/node': [ '0.16.7' ],
162 silly audit   '@humanwhocodes/module-importer': [ '1.0.1' ],
162 silly audit   '@humanwhocodes/retry': [ '0.4.3' ],
162 silly audit   '@img/colour': [ '1.1.0' ],
162 silly audit   '@img/sharp-darwin-arm64': [ '0.34.5' ],
162 silly audit   '@img/sharp-darwin-x64': [ '0.34.5' ],
162 silly audit   '@img/sharp-libvips-darwin-arm64': [ '1.2.4' ],
162 silly audit   '@img/sharp-libvips-darwin-x64': [ '1.2.4' ],
162 silly audit   '@img/sharp-libvips-linux-arm': [ '1.2.4' ],
162 silly audit   '@img/sharp-libvips-linux-arm64': [ '1.2.4' ],
162 silly audit   '@img/sharp-libvips-linux-ppc64': [ '1.2.4' ],
162 silly audit   '@img/sharp-libvips-linux-riscv64': [ '1.2.4' ],
162 silly audit   '@img/sharp-libvips-linux-s390x': [ '1.2.4' ],
162 silly audit   '@img/sharp-libvips-linux-x64': [ '1.2.4' ],
162 silly audit   '@img/sharp-libvips-linuxmusl-arm64': [ '1.2.4' ],
162 silly audit   '@img/sharp-libvips-linuxmusl-x64': [ '1.2.4' ],
162 silly audit   '@img/sharp-linux-arm': [ '0.34.5' ],
162 silly audit   '@img/sharp-linux-arm64': [ '0.34.5' ],
162 silly audit   '@img/sharp-linux-ppc64': [ '0.34.5' ],
162 silly audit   '@img/sharp-linux-riscv64': [ '0.34.5' ],
162 silly audit   '@img/sharp-linux-s390x': [ '0.34.5' ],
162 silly audit   '@img/sharp-linux-x64': [ '0.34.5' ],
162 silly audit   '@img/sharp-linuxmusl-arm64': [ '0.34.5' ],
162 silly audit   '@img/sharp-linuxmusl-x64': [ '0.34.5' ],
162 silly audit   '@img/sharp-wasm32': [ '0.34.5' ],
162 silly audit   '@img/sharp-win32-arm64': [ '0.34.5' ],
162 silly audit   '@img/sharp-win32-ia32': [ '0.34.5' ],
162 silly audit   '@img/sharp-win32-x64': [ '0.34.5' ],
162 silly audit   '@inquirer/ansi': [ '1.0.2' ],
162 silly audit   '@inquirer/confirm': [ '5.1.21' ],
162 silly audit   '@inquirer/core': [ '10.3.2' ],
162 silly audit   '@inquirer/figures': [ '1.0.15' ],
162 silly audit   '@inquirer/type': [ '3.0.10' ],
162 silly audit   '@jridgewell/gen-mapping': [ '0.3.13' ],
162 silly audit   '@jridgewell/remapping': [ '2.3.5' ],
162 silly audit   '@jridgewell/resolve-uri': [ '3.1.2' ],
162 silly audit   '@jridgewell/sourcemap-codec': [ '1.5.5' ],
162 silly audit   '@jridgewell/trace-mapping': [ '0.3.31' ],
162 silly audit   '@modelcontextprotocol/sdk': [ '1.27.1' ],
162 silly audit   ajv: [ '8.18.0', '6.14.0' ],
162 silly audit   'json-schema-traverse': [ '1.0.0', '0.4.1' ],
162 silly audit   '@mrleebo/prisma-ast': [ '0.13.1' ],
162 silly audit   '@mswjs/interceptors': [ '0.41.3' ],
162 silly audit   '@napi-rs/wasm-runtime': [ '0.2.12' ],
162 silly audit   '@next/env': [ '16.1.6' ],
162 silly audit   '@next/eslint-plugin-next': [ '16.1.6' ],
162 silly audit   '@next/swc-darwin-arm64': [ '16.1.6' ],
162 silly audit   '@next/swc-darwin-x64': [ '16.1.6' ],
162 silly audit   '@next/swc-linux-arm64-gnu': [ '16.1.6' ],
162 silly audit   '@next/swc-linux-arm64-musl': [ '16.1.6' ],
162 silly audit   '@next/swc-linux-x64-gnu': [ '16.1.6' ],
162 silly audit   '@next/swc-linux-x64-musl': [ '16.1.6' ],
162 silly audit   '@next/swc-win32-arm64-msvc': [ '16.1.6' ],
162 silly audit   '@next/swc-win32-x64-msvc': [ '16.1.6' ],
162 silly audit   '@noble/ciphers': [ '1.3.0' ],
162 silly audit   '@noble/curves': [ '1.9.7' ],
162 silly audit   '@noble/hashes': [ '1.8.0' ],
162 silly audit   '@nodelib/fs.scandir': [ '2.1.5' ],
162 silly audit   '@nodelib/fs.stat': [ '2.0.5' ],
162 silly audit   '@nodelib/fs.walk': [ '1.2.8' ],
162 silly audit   '@nolyfill/is-core-module': [ '1.0.39' ],
162 silly audit   '@open-draft/deferred-promise': [ '2.2.0' ],
162 silly audit   '@open-draft/logger': [ '0.3.0' ],
162 silly audit   '@open-draft/until': [ '2.1.0' ],
162 silly audit   '@panva/hkdf': [ '1.2.1' ],
162 silly audit   '@parcel/watcher': [ '2.5.6' ],
162 silly audit   '@parcel/watcher-android-arm64': [ '2.5.6' ],
162 silly audit   '@parcel/watcher-darwin-arm64': [ '2.5.6' ],
162 silly audit   '@parcel/watcher-darwin-x64': [ '2.5.6' ],
162 silly audit   '@parcel/watcher-freebsd-x64': [ '2.5.6' ],
162 silly audit   '@parcel/watcher-linux-arm-glibc': [ '2.5.6' ],
162 silly audit   '@parcel/watcher-linux-arm-musl': [ '2.5.6' ],
162 silly audit   '@parcel/watcher-linux-arm64-glibc': [ '2.5.6' ],
162 silly audit   '@parcel/watcher-linux-arm64-musl': [ '2.5.6' ],
162 silly audit   '@parcel/watcher-linux-x64-glibc': [ '2.5.6' ],
162 silly audit   '@parcel/watcher-linux-x64-musl': [ '2.5.6' ],
162 silly audit   '@parcel/watcher-win32-arm64': [ '2.5.6' ],
162 silly audit   '@parcel/watcher-win32-ia32': [ '2.5.6' ],
162 silly audit   '@parcel/watcher-win32-x64': [ '2.5.6' ],
162 silly audit   '@prisma/client': [ '7.5.0' ],
162 silly audit   '@prisma/client-runtime-utils': [ '7.5.0' ],
162 silly audit   '@prisma/config': [ '7.5.0' ],
162 silly audit   '@prisma/debug': [ '7.5.0', '7.2.0' ],
162 silly audit   '@prisma/dev': [ '0.20.0' ],
162 silly audit   '@prisma/engines': [ '7.5.0' ],
162 silly audit   '@prisma/engines-version': [ '7.5.0-15.280c870be64f457428992c43c1f6d557fab6e29e' ],
162 silly audit   '@prisma/get-platform': [ '7.5.0', '7.2.0' ],
162 silly audit   '@prisma/fetch-engine': [ '7.5.0' ],
162 silly audit   '@prisma/query-plan-executor': [ '7.2.0' ],
162 silly audit   '@prisma/studio-core': [ '0.21.1' ],
162 silly audit   '@rtsao/scc': [ '1.1.0' ],
162 silly audit   '@schummar/icu-type-parser': [ '1.21.5' ],
162 silly audit   '@sec-ant/readable-stream': [ '0.4.1' ],
162 silly audit   '@sindresorhus/merge-streams': [ '4.0.0' ],
162 silly audit   '@standard-schema/spec': [ '1.1.0' ],
162 silly audit   '@supabase/auth-js': [ '2.99.2' ],
162 silly audit   '@supabase/functions-js': [ '2.99.2' ],
162 silly audit   '@supabase/postgrest-js': [ '2.99.2' ],
162 silly audit   '@supabase/realtime-js': [ '2.99.2' ],
162 silly audit   '@supabase/storage-js': [ '2.99.2' ],
162 silly audit   '@supabase/supabase-js': [ '2.99.2' ],
162 silly audit   '@swc/core-darwin-arm64': [ '1.15.18' ],
162 silly audit   '@swc/core-darwin-x64': [ '1.15.18' ],
162 silly audit   '@swc/core-linux-arm-gnueabihf': [ '1.15.18' ],
162 silly audit   '@swc/core-linux-arm64-gnu': [ '1.15.18' ],
162 silly audit   '@swc/core-linux-arm64-musl': [ '1.15.18' ],
162 silly audit   '@swc/core-linux-x64-gnu': [ '1.15.18' ],
162 silly audit   '@swc/core-linux-x64-musl': [ '1.15.18' ],
162 silly audit   '@swc/core-win32-arm64-msvc': [ '1.15.18' ],
162 silly audit   '@swc/core-win32-ia32-msvc': [ '1.15.18' ],
162 silly audit   '@swc/core-win32-x64-msvc': [ '1.15.18' ],
162 silly audit   '@swc/counter': [ '0.1.3' ],
162 silly audit   '@swc/helpers': [ '0.5.15' ],
162 silly audit   '@swc/types': [ '0.1.25' ],
162 silly audit   '@tailwindcss/node': [ '4.2.1' ],
162 silly audit   '@tailwindcss/oxide': [ '4.2.1' ],
162 silly audit   '@tailwindcss/oxide-android-arm64': [ '4.2.1' ],
162 silly audit   '@tailwindcss/oxide-darwin-arm64': [ '4.2.1' ],
162 silly audit   '@tailwindcss/oxide-darwin-x64': [ '4.2.1' ],
162 silly audit   '@tailwindcss/oxide-freebsd-x64': [ '4.2.1' ],
162 silly audit   '@tailwindcss/oxide-linux-arm-gnueabihf': [ '4.2.1' ],
162 silly audit   '@tailwindcss/oxide-linux-arm64-gnu': [ '4.2.1' ],
162 silly audit   '@tailwindcss/oxide-linux-arm64-musl': [ '4.2.1' ],
162 silly audit   '@tailwindcss/oxide-linux-x64-gnu': [ '4.2.1' ],
162 silly audit   '@tailwindcss/oxide-linux-x64-musl': [ '4.2.1' ],
162 silly audit   '@tailwindcss/oxide-wasm32-wasi': [ '4.2.1' ],
162 silly audit   '@tailwindcss/oxide-win32-arm64-msvc': [ '4.2.1' ],
162 silly audit   '@tailwindcss/oxide-win32-x64-msvc': [ '4.2.1' ],
162 silly audit   '@tailwindcss/postcss': [ '4.2.1' ],
162 silly audit   '@tanstack/query-core': [ '5.90.20' ],
162 silly audit   '@tanstack/react-query': [ '5.90.21' ],
162 silly audit   '@ts-morph/common': [ '0.27.0' ],
162 silly audit   'balanced-match': [ '4.0.4', '1.0.2' ],
162 silly audit   'brace-expansion': [ '5.0.4', '1.1.12' ],
162 silly audit   'fast-glob': [ '3.3.3', '3.3.1' ],
162 silly audit   'glob-parent': [ '5.1.2', '6.0.2' ],
162 silly audit   minimatch: [ '10.2.4', '3.1.5' ],
162 silly audit   '@tybys/wasm-util': [ '0.10.1' ],
162 silly audit   '@types/estree': [ '1.0.8' ],
162 silly audit   '@types/json-schema': [ '7.0.15' ],
162 silly audit   '@types/json5': [ '0.0.29' ],
162 silly audit   '@types/node': [ '20.19.37' ],
162 silly audit   '@types/phoenix': [ '1.6.7' ],
162 silly audit   '@types/react': [ '19.2.14' ],
162 silly audit   '@types/react-dom': [ '19.2.3' ],
162 silly audit   '@types/statuses': [ '2.0.6' ],
162 silly audit   '@types/validate-npm-package-name': [ '4.0.2' ],
162 silly audit   '@types/ws': [ '8.18.1' ],
162 silly audit   '@typescript-eslint/eslint-plugin': [ '8.57.0' ],
162 silly audit   ignore: [ '7.0.5', '5.3.2' ],
162 silly audit   '@typescript-eslint/parser': [ '8.57.0' ],
162 silly audit   '@typescript-eslint/project-service': [ '8.57.0' ],
162 silly audit   '@typescript-eslint/scope-manager': [ '8.57.0' ],
162 silly audit   '@typescript-eslint/tsconfig-utils': [ '8.57.0' ],
162 silly audit   '@typescript-eslint/type-utils': [ '8.57.0' ],
162 silly audit   '@typescript-eslint/types': [ '8.57.0' ],
162 silly audit   '@typescript-eslint/typescript-estree': [ '8.57.0' ],
162 silly audit   semver: [ '7.7.4', '6.3.1' ],
162 silly audit   '@typescript-eslint/utils': [ '8.57.0' ],
162 silly audit   '@typescript-eslint/visitor-keys': [ '8.57.0' ],
162 silly audit   '@unrs/resolver-binding-android-arm-eabi': [ '1.11.1' ],
162 silly audit   '@unrs/resolver-binding-android-arm64': [ '1.11.1' ],
162 silly audit   '@unrs/resolver-binding-darwin-arm64': [ '1.11.1' ],
162 silly audit   '@unrs/resolver-binding-darwin-x64': [ '1.11.1' ],
162 silly audit   '@unrs/resolver-binding-freebsd-x64': [ '1.11.1' ],
162 silly audit   '@unrs/resolver-binding-linux-arm-gnueabihf': [ '1.11.1' ],
162 silly audit   '@unrs/resolver-binding-linux-arm-musleabihf': [ '1.11.1' ],
162 silly audit   '@unrs/resolver-binding-linux-arm64-gnu': [ '1.11.1' ],
162 silly audit   '@unrs/resolver-binding-linux-arm64-musl': [ '1.11.1' ],
162 silly audit   '@unrs/resolver-binding-linux-ppc64-gnu': [ '1.11.1' ],
162 silly audit   '@unrs/resolver-binding-linux-riscv64-gnu': [ '1.11.1' ],
162 silly audit   '@unrs/resolver-binding-linux-riscv64-musl': [ '1.11.1' ],
162 silly audit   '@unrs/resolver-binding-linux-s390x-gnu': [ '1.11.1' ],
162 silly audit   '@unrs/resolver-binding-linux-x64-gnu': [ '1.11.1' ],
162 silly audit   '@unrs/resolver-binding-linux-x64-musl': [ '1.11.1' ],
162 silly audit   '@unrs/resolver-binding-wasm32-wasi': [ '1.11.1' ],
162 silly audit   '@unrs/resolver-binding-win32-arm64-msvc': [ '1.11.1' ],
162 silly audit   '@unrs/resolver-binding-win32-ia32-msvc': [ '1.11.1' ],
162 silly audit   '@unrs/resolver-binding-win32-x64-msvc': [ '1.11.1' ],
162 silly audit   accepts: [ '2.0.0' ],
162 silly audit   acorn: [ '8.16.0' ],
162 silly audit   'acorn-jsx': [ '5.3.2' ],
162 silly audit   'agent-base': [ '7.1.4' ],
162 silly audit   'ajv-formats': [ '3.0.1' ],
162 silly audit   'ansi-regex': [ '6.2.2', '5.0.1' ],
162 silly audit   'ansi-styles': [ '4.3.0' ],
162 silly audit   argparse: [ '2.0.1' ],
162 silly audit   'aria-query': [ '5.3.2' ],
162 silly audit   'array-buffer-byte-length': [ '1.0.2' ],
162 silly audit   'array-includes': [ '3.1.9' ],
162 silly audit   'array.prototype.findlast': [ '1.2.5' ],
162 silly audit   'array.prototype.findlastindex': [ '1.2.6' ],
162 silly audit   'array.prototype.flat': [ '1.3.3' ],
162 silly audit   'array.prototype.flatmap': [ '1.3.3' ],
162 silly audit   'array.prototype.tosorted': [ '1.1.4' ],
162 silly audit   'arraybuffer.prototype.slice': [ '1.0.4' ],
162 silly audit   'ast-types': [ '0.16.1' ],
162 silly audit   'ast-types-flow': [ '0.0.8' ],
162 silly audit   'async-function': [ '1.0.0' ],
162 silly audit   'available-typed-arrays': [ '1.0.7' ],
162 silly audit   'aws-ssl-profiles': [ '1.1.2' ],
162 silly audit   'axe-core': [ '4.11.1' ],
162 silly audit   'axobject-query': [ '4.1.0' ],
162 silly audit   'baseline-browser-mapping': [ '2.10.8' ],
162 silly audit   'body-parser': [ '2.2.2' ],
162 silly audit   braces: [ '3.0.3' ],
162 silly audit   browserslist: [ '4.28.1' ],
162 silly audit   'bundle-name': [ '4.1.0' ],
162 silly audit   bytes: [ '3.1.2' ],
162 silly audit   c12: [ '3.1.0' ],
162 silly audit   'call-bind': [ '1.0.8' ],
162 silly audit   'call-bind-apply-helpers': [ '1.0.2' ],
162 silly audit   'call-bound': [ '1.0.4' ],
162 silly audit   callsites: [ '3.1.0' ],
162 silly audit   'caniuse-lite': [ '1.0.30001779' ],
162 silly audit   chalk: [ '4.1.2', '5.6.2' ],
162 silly audit   chevrotain: [ '10.5.0' ],
162 silly audit   chokidar: [ '4.0.3' ],
162 silly audit   citty: [ '0.1.6', '0.2.1' ],
162 silly audit   'class-variance-authority': [ '0.7.1' ],
162 silly audit   'cli-cursor': [ '5.0.0' ],
162 silly audit   'cli-spinners': [ '2.9.2' ],
162 silly audit   'cli-width': [ '4.1.0' ],
162 silly audit   'client-only': [ '0.0.1' ],
162 silly audit   cliui: [ '8.0.1' ],
162 silly audit   'emoji-regex': [ '8.0.0', '9.2.2', '10.6.0' ],
162 silly audit   'string-width': [ '4.2.3', '7.2.0' ],
162 silly audit   'strip-ansi': [ '6.0.1', '7.2.0' ],
162 silly audit   'wrap-ansi': [ '7.0.0', '6.2.0' ],
162 silly audit   clsx: [ '2.1.1' ],
162 silly audit   'code-block-writer': [ '13.0.3' ],
162 silly audit   'color-convert': [ '2.0.1' ],
162 silly audit   'color-name': [ '1.1.4' ],
162 silly audit   'concat-map': [ '0.0.1' ],
162 silly audit   confbox: [ '0.2.4' ],
162 silly audit   consola: [ '3.4.2' ],
162 silly audit   'content-disposition': [ '1.0.1' ],
162 silly audit   'content-type': [ '1.0.5' ],
162 silly audit   'convert-source-map': [ '2.0.0' ],
162 silly audit   cookie: [ '0.7.2', '1.1.1' ],
162 silly audit   'cookie-signature': [ '1.2.2' ],
162 silly audit   cors: [ '2.8.6' ],
162 silly audit   cosmiconfig: [ '9.0.1' ],
162 silly audit   'cross-spawn': [ '7.0.6' ],
162 silly audit   cssesc: [ '3.0.0' ],
162 silly audit   csstype: [ '3.2.3' ],
162 silly audit   'damerau-levenshtein': [ '1.0.8' ],
162 silly audit   'data-uri-to-buffer': [ '4.0.1' ],
162 silly audit   'data-view-buffer': [ '1.0.2' ],
162 silly audit   'data-view-byte-length': [ '1.0.2' ],
162 silly audit   'data-view-byte-offset': [ '1.0.1' ],
162 silly audit   debug: [ '4.4.3', '3.2.7' ],
162 silly audit   'decimal.js': [ '10.6.0' ],
162 silly audit   dedent: [ '1.7.2' ],
162 silly audit   'deep-is': [ '0.1.4' ],
162 silly audit   deepmerge: [ '4.3.1' ],
162 silly audit   'deepmerge-ts': [ '7.1.5' ],
162 silly audit   'default-browser': [ '5.5.0' ],
162 silly audit   'default-browser-id': [ '5.0.1' ],
162 silly audit   'define-data-property': [ '1.1.4' ],
162 silly audit   'define-lazy-prop': [ '3.0.0' ],
162 silly audit   'define-properties': [ '1.2.1' ],
162 silly audit   defu: [ '6.1.4' ],
162 silly audit   denque: [ '2.1.0' ],
162 silly audit   depd: [ '2.0.0' ],
162 silly audit   destr: [ '2.0.5' ],
162 silly audit   'detect-libc': [ '2.1.2' ],
162 silly audit   diff: [ '8.0.3' ],
162 silly audit   doctrine: [ '2.1.0' ],
162 silly audit   'dunder-proto': [ '1.0.1' ],
162 silly audit   eciesjs: [ '0.4.18' ],
162 silly audit   'ee-first': [ '1.1.1' ],
162 silly audit   effect: [ '3.18.4' ],
162 silly audit   'electron-to-chromium': [ '1.5.313' ],
162 silly audit   empathic: [ '2.0.0' ],
162 silly audit   encodeurl: [ '2.0.0' ],
162 silly audit   'enhanced-resolve': [ '5.20.0' ],
162 silly audit   'env-paths': [ '2.2.1' ],
162 silly audit   'error-ex': [ '1.3.4' ],
162 silly audit   'es-abstract': [ '1.24.1' ],
162 silly audit   'es-define-property': [ '1.0.1' ],
162 silly audit   'es-errors': [ '1.3.0' ],
162 silly audit   'es-iterator-helpers': [ '1.3.1' ],
162 silly audit   'es-object-atoms': [ '1.1.1' ],
162 silly audit   'es-set-tostringtag': [ '2.1.0' ],
162 silly audit   'es-shim-unscopables': [ '1.1.0' ],
162 silly audit   'es-to-primitive': [ '1.3.0' ],
162 silly audit   esbuild: [ '0.27.4' ],
162 silly audit   escalade: [ '3.2.0' ],
162 silly audit   'escape-html': [ '1.0.3' ],
162 silly audit   'escape-string-regexp': [ '4.0.0' ],
162 silly audit   eslint: [ '9.39.4' ],
162 silly audit   'eslint-config-next': [ '16.1.6' ],
162 silly audit   globals: [ '16.4.0', '14.0.0' ],
162 silly audit   'eslint-import-resolver-node': [ '0.3.9' ],
162 silly audit   'eslint-import-resolver-typescript': [ '3.10.1' ],
162 silly audit   'eslint-module-utils': [ '2.12.1' ],
162 silly audit   'eslint-plugin-import': [ '2.32.0' ],
162 silly audit   'eslint-plugin-jsx-a11y': [ '6.10.2' ],
162 silly audit   'eslint-plugin-react': [ '7.37.5' ],
162 silly audit   'eslint-plugin-react-hooks': [ '7.0.1' ],
162 silly audit   resolve: [ '2.0.0-next.6', '1.22.11' ],
162 silly audit   'eslint-scope': [ '8.4.0' ],
162 silly audit   espree: [ '10.4.0' ],
162 silly audit   esprima: [ '4.0.1' ],
162 silly audit   esquery: [ '1.7.0' ],
162 silly audit   esrecurse: [ '4.3.0' ],
162 silly audit   estraverse: [ '5.3.0' ],
162 silly audit   esutils: [ '2.0.3' ],
162 silly audit   etag: [ '1.8.1' ],
162 silly audit   eventsource: [ '3.0.7' ],
162 silly audit   'eventsource-parser': [ '3.0.6' ],
162 silly audit   express: [ '5.2.1' ],
162 silly audit   'express-rate-limit': [ '8.3.1' ],
162 silly audit   exsolve: [ '1.0.8' ],
162 silly audit   'fast-check': [ '3.23.2' ],
162 silly audit   'fast-deep-equal': [ '3.1.3' ],
162 silly audit   'fast-json-stable-stringify': [ '2.1.0' ],
162 silly audit   'fast-levenshtein': [ '2.0.6' ],
162 silly audit   'fast-uri': [ '3.1.0' ],
162 silly audit   fastq: [ '1.20.1' ],
162 silly audit   'fetch-blob': [ '3.2.0' ],
162 silly audit   figures: [ '6.1.0' ],
162 silly audit   'file-entry-cache': [ '8.0.0' ],
162 silly audit   'fill-range': [ '7.1.1' ],
162 silly audit   finalhandler: [ '2.1.1' ],
162 silly audit   'find-up': [ '5.0.0' ],
162 silly audit   'flat-cache': [ '4.0.1' ],
162 silly audit   flatted: [ '3.4.1' ],
162 silly audit   'for-each': [ '0.3.5' ],
162 silly audit   'foreground-child': [ '3.3.1' ],
162 silly audit   'formdata-polyfill': [ '4.0.10' ],
162 silly audit   forwarded: [ '0.2.0' ],
162 silly audit   fresh: [ '2.0.0' ],
162 silly audit   'fs-extra': [ '11.3.4' ],
162 silly audit   fsevents: [ '2.3.3' ],
162 silly audit   'function-bind': [ '1.1.2' ],
162 silly audit   'function.prototype.name': [ '1.1.8' ],
162 silly audit   'functions-have-names': [ '1.2.3' ],
162 silly audit   fuzzysort: [ '3.1.0' ],
162 silly audit   'generate-function': [ '2.3.1' ],
162 silly audit   'generator-function': [ '2.0.1' ],
162 silly audit   gensync: [ '1.0.0-beta.2' ],
162 silly audit   'get-caller-file': [ '2.0.5' ],
162 silly audit   'get-east-asian-width': [ '1.5.0' ],
162 silly audit   'get-intrinsic': [ '1.3.0' ],
162 silly audit   'get-own-enumerable-keys': [ '1.0.0' ],
162 silly audit   'get-port-please': [ '3.2.0' ],
162 silly audit   'get-proto': [ '1.0.1' ],
162 silly audit   'get-symbol-description': [ '1.1.0' ],
162 silly audit   'get-tsconfig': [ '4.13.6' ],
162 silly audit   giget: [ '2.0.0' ],
162 silly audit   globalthis: [ '1.0.4' ],
162 silly audit   gopd: [ '1.2.0' ],
162 silly audit   'graceful-fs': [ '4.2.11' ],
162 silly audit   grammex: [ '3.1.12' ],
162 silly audit   graphmatch: [ '1.1.1' ],
162 silly audit   graphql: [ '16.13.1' ],
162 silly audit   'has-bigints': [ '1.1.0' ],
162 silly audit   'has-flag': [ '4.0.0' ],
162 silly audit   'has-property-descriptors': [ '1.0.2' ],
162 silly audit   'has-proto': [ '1.2.0' ],
162 silly audit   'has-symbols': [ '1.1.0' ],
162 silly audit   'has-tostringtag': [ '1.0.2' ],
162 silly audit   hasown: [ '2.0.2' ],
162 silly audit   'headers-polyfill': [ '4.0.3' ],
162 silly audit   'hermes-estree': [ '0.25.1' ],
162 silly audit   'hermes-parser': [ '0.25.1' ],
162 silly audit   hono: [ '4.11.4' ],
162 silly audit   'http-errors': [ '2.0.1' ],
162 silly audit   'http-status-codes': [ '2.3.0' ],
162 silly audit   'https-proxy-agent': [ '7.0.6' ],
162 silly audit   'iceberg-js': [ '0.8.1' ],
162 silly audit   'iconv-lite': [ '0.7.2' ],
162 silly audit   'icu-minify': [ '4.8.3' ],
162 silly audit   'import-fresh': [ '3.3.1' ],
162 silly audit   imurmurhash: [ '0.1.4' ],
162 silly audit   inherits: [ '2.0.4' ],
162 silly audit   'internal-slot': [ '1.1.0' ],
162 silly audit   'intl-messageformat': [ '11.1.3' ],
162 silly audit   'ip-address': [ '10.1.0' ],
162 silly audit   'ipaddr.js': [ '1.9.1' ],
162 silly audit   'is-array-buffer': [ '3.0.5' ],
162 silly audit   'is-arrayish': [ '0.2.1' ],
162 silly audit   'is-async-function': [ '2.1.1' ],
162 silly audit   'is-bigint': [ '1.1.0' ],
162 silly audit   'is-boolean-object': [ '1.2.2' ],
162 silly audit   'is-bun-module': [ '2.0.0' ],
162 silly audit   'is-callable': [ '1.2.7' ],
162 silly audit   'is-core-module': [ '2.16.1' ],
162 silly audit   'is-data-view': [ '1.0.2' ],
162 silly audit   'is-date-object': [ '1.1.0' ],
162 silly audit   'is-docker': [ '3.0.0' ],
162 silly audit   'is-extglob': [ '2.1.1' ],
162 silly audit   'is-finalizationregistry': [ '1.1.1' ],
162 silly audit   'is-fullwidth-code-point': [ '3.0.0' ],
162 silly audit   'is-generator-function': [ '1.1.2' ],
162 silly audit   'is-glob': [ '4.0.3' ],
162 silly audit   'is-in-ssh': [ '1.0.0' ],
162 silly audit   'is-inside-container': [ '1.0.0' ],
162 silly audit   'is-interactive': [ '2.0.0' ],
162 silly audit   'is-map': [ '2.0.3' ],
162 silly audit   'is-negative-zero': [ '2.0.3' ],
162 silly audit   'is-node-process': [ '1.2.0' ],
162 silly audit   'is-number': [ '7.0.0' ],
162 silly audit   'is-number-object': [ '1.1.1' ],
162 silly audit   'is-obj': [ '3.0.0' ],
162 silly audit   'is-plain-obj': [ '4.1.0' ],
162 silly audit   'is-promise': [ '4.0.0' ],
162 silly audit   'is-property': [ '1.0.2' ],
162 silly audit   'is-regex': [ '1.2.1' ],
162 silly audit   'is-regexp': [ '3.1.0' ],
162 silly audit   'is-set': [ '2.0.3' ],
162 silly audit   'is-shared-array-buffer': [ '1.0.4' ],
162 silly audit   'is-string': [ '1.1.1' ],
162 silly audit   'is-symbol': [ '1.1.1' ],
162 silly audit   'is-typed-array': [ '1.1.15' ],
162 silly audit   'is-unicode-supported': [ '2.1.0', '1.3.0' ],
162 silly audit   'is-weakmap': [ '2.0.2' ],
162 silly audit   'is-weakref': [ '1.1.1' ],
162 silly audit   'is-weakset': [ '2.0.4' ],
162 silly audit   'is-wsl': [ '3.1.1' ],
162 silly audit   isarray: [ '2.0.5' ],
162 silly audit   'iterator.prototype': [ '1.1.5' ],
162 silly audit   jiti: [ '2.6.1' ],
162 silly audit   'js-tokens': [ '4.0.0' ],
162 silly audit   'js-yaml': [ '4.1.1' ],
162 silly audit   jsesc: [ '3.1.0' ],
162 silly audit   'json-buffer': [ '3.0.1' ],
162 silly audit   'json-parse-even-better-errors': [ '2.3.1' ],
162 silly audit   'json-schema-typed': [ '8.0.2' ],
162 silly audit   'json-stable-stringify-without-jsonify': [ '1.0.1' ],
162 silly audit   json5: [ '2.2.3', '1.0.2' ],
162 silly audit   jsonfile: [ '6.2.0' ],
162 silly audit   'jsx-ast-utils': [ '3.3.5' ],
162 silly audit   keyv: [ '4.5.4' ],
162 silly audit   kleur: [ '4.1.5', '3.0.3' ],
162 silly audit   'language-subtag-registry': [ '0.3.23' ],
162 silly audit   'language-tags': [ '1.0.9' ],
162 silly audit   levn: [ '0.4.1' ],
162 silly audit   lightningcss: [ '1.31.1' ],
162 silly audit   'lightningcss-android-arm64': [ '1.31.1' ],
162 silly audit   'lightningcss-darwin-arm64': [ '1.31.1' ],
162 silly audit   'lightningcss-darwin-x64': [ '1.31.1' ],
162 silly audit   'lightningcss-freebsd-x64': [ '1.31.1' ],
162 silly audit   'lightningcss-linux-arm-gnueabihf': [ '1.31.1' ],
162 silly audit   'lightningcss-linux-arm64-gnu': [ '1.31.1' ],
162 silly audit   'lightningcss-linux-arm64-musl': [ '1.31.1' ],
162 silly audit   'lightningcss-linux-x64-gnu': [ '1.31.1' ],
162 silly audit   'lightningcss-linux-x64-musl': [ '1.31.1' ],
162 silly audit   'lightningcss-win32-arm64-msvc': [ '1.31.1' ],
162 silly audit   'lightningcss-win32-x64-msvc': [ '1.31.1' ],
162 silly audit   lilconfig: [ '2.1.0' ],
162 silly audit   'lines-and-columns': [ '1.2.4' ],
162 silly audit   'locate-path': [ '6.0.0' ],
162 silly audit   lodash: [ '4.17.21' ],
162 silly audit   'lodash.merge': [ '4.6.2' ],
162 silly audit   'log-symbols': [ '6.0.0' ],
162 silly audit   long: [ '5.3.2' ],
162 silly audit   'loose-envify': [ '1.4.0' ],
162 silly audit   'lru-cache': [ '5.1.1', '6.0.0' ],
162 silly audit   'lru.min': [ '1.1.4' ],
162 silly audit   'lucide-react': [ '0.577.0' ],
162 silly audit   'magic-string': [ '0.30.21' ],
162 silly audit   'math-intrinsics': [ '1.1.0' ],
162 silly audit   'media-typer': [ '1.1.0' ],
162 silly audit   'merge-descriptors': [ '2.0.0' ],
162 silly audit   'merge-stream': [ '2.0.0' ],
162 silly audit   merge2: [ '1.4.1' ],
162 silly audit   micromatch: [ '4.0.8' ],
162 silly audit   'mime-db': [ '1.54.0' ],
162 silly audit   'mime-types': [ '3.0.2' ],
162 silly audit   'mimic-fn': [ '2.1.0' ],
162 silly audit   'mimic-function': [ '5.0.1' ],
162 silly audit   minimist: [ '1.2.8' ],
162 silly audit   ms: [ '2.1.3' ],
162 silly audit   msw: [ '2.12.11' ],
162 silly audit   'mute-stream': [ '2.0.0' ],
162 silly audit   mysql2: [ '3.15.3' ],
162 silly audit   'named-placeholders': [ '1.1.6' ],
162 silly audit   nanoid: [ '3.3.11' ],
162 silly audit   'napi-postinstall': [ '0.3.4' ],
162 silly audit   'natural-compare': [ '1.4.0' ],
162 silly audit   negotiator: [ '1.0.0' ],
162 silly audit   next: [ '16.1.6' ],
162 silly audit   'next-auth': [ '4.24.13' ],
162 silly audit   'next-intl': [ '4.8.3' ],
162 silly audit   'next-intl-swc-plugin-extractor': [ '4.8.3' ],
162 silly audit   '@swc/core': [ '1.15.18' ],
162 silly audit   postcss: [ '8.4.31', '8.5.8' ],
162 silly audit   'node-addon-api': [ '7.1.1' ],
162 silly audit   'node-domexception': [ '1.0.0' ],
162 silly audit   'node-exports-info': [ '1.6.0' ],
162 silly audit   'node-fetch': [ '3.3.2' ],
162 silly audit   'node-fetch-native': [ '1.6.7' ],
162 silly audit   'node-releases': [ '2.0.36' ],
162 silly audit   'path-key': [ '4.0.0', '3.1.1' ],
162 silly audit   nypm: [ '0.6.5' ],
162 silly audit   oauth: [ '0.9.15' ],
162 silly audit   'object-assign': [ '4.1.1' ],
162 silly audit   'object-hash': [ '2.2.0' ],
162 silly audit   'object-inspect': [ '1.13.4' ],
162 silly audit   'object-keys': [ '1.1.1' ],
162 silly audit   'object-treeify': [ '1.1.33' ],
162 silly audit   'object.assign': [ '4.1.7' ],
162 silly audit   'object.entries': [ '1.1.9' ],
162 silly audit   'object.fromentries': [ '2.0.8' ],
162 silly audit   'object.groupby': [ '1.0.3' ],
162 silly audit   'object.values': [ '1.2.1' ],
162 silly audit   ohash: [ '2.0.11' ],
162 silly audit   'oidc-token-hash': [ '5.2.0' ],
162 silly audit   'on-finished': [ '2.4.1' ],
162 silly audit   once: [ '1.4.0' ],
162 silly audit   open: [ '11.0.0' ],
162 silly audit   'openid-client': [ '5.7.1' ],
162 silly audit   yallist: [ '4.0.0', '3.1.1' ],
162 silly audit   optionator: [ '0.9.4' ],
162 silly audit   ora: [ '8.2.0' ],
162 silly audit   outvariant: [ '1.4.3' ],
162 silly audit   'own-keys': [ '1.0.1' ],
162 silly audit   'p-limit': [ '3.1.0' ],
162 silly audit   'p-locate': [ '5.0.0' ],
162 silly audit   'parent-module': [ '1.0.1' ],
162 silly audit   'parse-json': [ '5.2.0' ],
162 silly audit   'parse-ms': [ '4.0.0' ],
162 silly audit   parseurl: [ '1.3.3' ],
162 silly audit   'path-browserify': [ '1.0.1' ],
162 silly audit   'path-exists': [ '4.0.0' ],
162 silly audit   'path-parse': [ '1.0.7' ],
162 silly audit   'path-to-regexp': [ '6.3.0', '8.3.0' ],
162 silly audit   pathe: [ '2.0.3' ],
162 silly audit   'perfect-debounce': [ '1.0.0' ],
162 silly audit   picocolors: [ '1.1.1' ],
162 silly audit   'pkce-challenge': [ '5.0.1' ],
162 silly audit   'pkg-types': [ '2.3.0' ],
162 silly audit   'po-parser': [ '2.1.1' ],
162 silly audit   'possible-typed-array-names': [ '1.1.0' ],
162 silly audit   'postcss-selector-parser': [ '7.1.1' ],
162 silly audit   postgres: [ '3.4.7' ],
162 silly audit   'powershell-utils': [ '0.1.0' ],
162 silly audit   preact: [ '10.24.3' ],
162 silly audit   'prelude-ls': [ '1.2.1' ],
162 silly audit   'pretty-format': [ '3.8.0' ],
162 silly audit   'pretty-ms': [ '9.3.0' ],
162 silly audit   prisma: [ '7.5.0' ],
162 silly audit   prompts: [ '2.4.2' ],
162 silly audit   'prop-types': [ '15.8.1' ],
162 silly audit   'proper-lockfile': [ '4.1.2' ],
162 silly audit   'proxy-addr': [ '2.0.7' ],
162 silly audit   punycode: [ '2.3.1' ],
162 silly audit   'pure-rand': [ '6.1.0' ],
162 silly audit   qs: [ '6.15.0' ],
162 silly audit   'queue-microtask': [ '1.2.3' ],
162 silly audit   'range-parser': [ '1.2.1' ],
162 silly audit   'raw-body': [ '3.0.2' ],
162 silly audit   rc9: [ '2.1.2' ],
162 silly audit   react: [ '19.2.3' ],
162 silly audit   'react-dom': [ '19.2.3' ],
162 silly audit   'react-is': [ '16.13.1' ],
162 silly audit   readdirp: [ '4.1.2' ],
162 silly audit   recast: [ '0.23.11' ],
162 silly audit   'reflect.getprototypeof': [ '1.0.10' ],
162 silly audit   'regexp-to-ast': [ '0.5.0' ],
162 silly audit   'regexp.prototype.flags': [ '1.5.4' ],
162 silly audit   remeda: [ '2.33.4' ],
162 silly audit   'require-directory': [ '2.1.1' ],
162 silly audit   'require-from-string': [ '2.0.2' ],
162 silly audit   reselect: [ '5.1.1' ],
162 silly audit   'resolve-from': [ '4.0.0' ],
162 silly audit   'resolve-pkg-maps': [ '1.0.0' ],
162 silly audit   'restore-cursor': [ '5.1.0' ],
162 silly audit   retry: [ '0.12.0' ],
162 silly audit   rettime: [ '0.10.1' ],
162 silly audit   reusify: [ '1.1.0' ],
162 silly audit   router: [ '2.2.0' ],
162 silly audit   'run-applescript': [ '7.1.0' ],
162 silly audit   'run-parallel': [ '1.2.0' ],
162 silly audit   'safe-array-concat': [ '1.1.3' ],
162 silly audit   'safe-push-apply': [ '1.0.0' ],
162 silly audit   'safe-regex-test': [ '1.1.0' ],
162 silly audit   'safer-buffer': [ '2.1.2' ],
162 silly audit   scheduler: [ '0.27.0' ],
162 silly audit   send: [ '1.2.1' ],
162 silly audit   'seq-queue': [ '0.0.5' ],
162 silly audit   'serve-static': [ '2.2.1' ],
162 silly audit   'set-function-length': [ '1.2.2' ],
162 silly audit   'set-function-name': [ '2.0.2' ],
162 silly audit   'set-proto': [ '1.0.0' ],
162 silly audit   setprototypeof: [ '1.2.0' ],
162 silly audit   shadcn: [ '4.0.8' ],
162 silly audit   'tsconfig-paths': [ '4.2.0', '3.15.0' ],
162 silly audit   zod: [ '3.25.76', '4.3.6' ],
162 silly audit   sharp: [ '0.34.5' ],
162 silly audit   'shebang-command': [ '2.0.0' ],
162 silly audit   'shebang-regex': [ '3.0.0' ],
162 silly audit   'side-channel': [ '1.1.0' ],
162 silly audit   'side-channel-list': [ '1.0.0' ],
162 silly audit   'side-channel-map': [ '1.0.1' ],
162 silly audit   'side-channel-weakmap': [ '1.0.2' ],
162 silly audit   sisteransi: [ '1.0.5' ],
162 silly audit   'source-map': [ '0.6.1' ],
162 silly audit   'source-map-js': [ '1.2.1' ],
162 silly audit   sqlstring: [ '2.3.3' ],
162 silly audit   'stable-hash': [ '0.0.5' ],
162 silly audit   statuses: [ '2.0.2' ],
162 silly audit   'std-env': [ '3.10.0' ],
162 silly audit   'stdin-discarder': [ '0.2.2' ],
162 silly audit   'stop-iteration-iterator': [ '1.1.0' ],
162 silly audit   'strict-event-emitter': [ '0.5.1' ],
162 silly audit   'string.prototype.includes': [ '2.0.1' ],
162 silly audit   'string.prototype.matchall': [ '4.0.12' ],
162 silly audit   'string.prototype.repeat': [ '1.0.0' ],
162 silly audit   'string.prototype.trim': [ '1.2.10' ],
162 silly audit   'string.prototype.trimend': [ '1.0.9' ],
162 silly audit   'string.prototype.trimstart': [ '1.0.8' ],
162 silly audit   'stringify-object': [ '5.0.0' ],
162 silly audit   'strip-bom': [ '3.0.0' ],
162 silly audit   'strip-json-comments': [ '3.1.1' ],
162 silly audit   'styled-jsx': [ '5.1.6' ],
162 silly audit   'supports-color': [ '7.2.0' ],
162 silly audit   'supports-preserve-symlinks-flag': [ '1.0.0' ],
162 silly audit   tabbable: [ '6.4.0' ],
162 silly audit   'tagged-tag': [ '1.0.0' ],
162 silly audit   'tailwind-merge': [ '3.5.0' ],
162 silly audit   tailwindcss: [ '4.2.1' ],
162 silly audit   tapable: [ '2.3.0' ],
162 silly audit   'tiny-invariant': [ '1.3.3' ],
162 silly audit   tinyexec: [ '1.0.4' ],
162 silly audit   tinyglobby: [ '0.2.15' ],
162 silly audit   tldts: [ '7.0.26' ],
162 silly audit   'tldts-core': [ '7.0.26' ],
162 silly audit   'to-regex-range': [ '5.0.1' ],
162 silly audit   toidentifier: [ '1.0.1' ],
162 silly audit   'tough-cookie': [ '6.0.1' ],
162 silly audit   'ts-api-utils': [ '2.4.0' ],
162 silly audit   'ts-morph': [ '26.0.0' ],
162 silly audit   tslib: [ '2.8.1' ],
162 silly audit   tsx: [ '4.21.0' ],
162 silly audit   'tw-animate-css': [ '1.4.0' ],
162 silly audit   'type-check': [ '0.4.0' ],
162 silly audit   'type-fest': [ '5.4.4' ],
162 silly audit   'type-is': [ '2.0.1' ],
162 silly audit   'typed-array-buffer': [ '1.0.3' ],
162 silly audit   'typed-array-byte-length': [ '1.0.3' ],
162 silly audit   'typed-array-byte-offset': [ '1.0.4' ],
162 silly audit   'typed-array-length': [ '1.0.7' ],
162 silly audit   typescript: [ '5.9.3' ],
162 silly audit   'typescript-eslint': [ '8.57.0' ],
162 silly audit   'unbox-primitive': [ '1.1.0' ],
162 silly audit   'undici-types': [ '6.21.0' ],
162 silly audit   'unicorn-magic': [ '0.3.0' ],
162 silly audit   universalify: [ '2.0.1' ],
162 silly audit   unpipe: [ '1.0.0' ],
162 silly audit   'unrs-resolver': [ '1.11.1' ],
162 silly audit   'until-async': [ '3.0.2' ],
162 silly audit   'update-browserslist-db': [ '1.2.3' ],
162 silly audit   'uri-js': [ '4.4.1' ],
162 silly audit   'use-intl': [ '4.8.3' ],
162 silly audit   'use-sync-external-store': [ '1.6.0' ],
162 silly audit   'util-deprecate': [ '1.0.2' ],
162 silly audit   uuid: [ '8.3.2' ],
162 silly audit   valibot: [ '1.2.0' ],
162 silly audit   'validate-npm-package-name': [ '7.0.2' ],
162 silly audit   vary: [ '1.1.2' ],
162 silly audit   'web-streams-polyfill': [ '3.3.3' ],
162 silly audit   'which-boxed-primitive': [ '1.1.1' ],
162 silly audit   'which-builtin-type': [ '1.2.1' ],
162 silly audit   'which-collection': [ '1.0.2' ],
162 silly audit   'which-typed-array': [ '1.1.20' ],
162 silly audit   'word-wrap': [ '1.2.5' ],
162 silly audit   wrappy: [ '1.0.2' ],
162 silly audit   ws: [ '8.19.0' ],
162 silly audit   'wsl-utils': [ '0.3.1' ],
162 silly audit   y18n: [ '5.0.8' ],
162 silly audit   yargs: [ '17.7.2' ],
162 silly audit   'yargs-parser': [ '21.1.1' ],
162 silly audit   'yocto-queue': [ '0.1.0' ],
162 silly audit   yoctocolors: [ '2.1.2' ],
162 silly audit   'yoctocolors-cjs': [ '2.1.3' ],
162 silly audit   zeptomatch: [ '2.1.0' ],
162 silly audit   'zod-to-json-schema': [ '3.25.1' ],
162 silly audit   'zod-validation-error': [ '4.0.2' ],
162 silly audit   zustand: [ '5.0.12' ],
162 silly audit   '@prisma/adapter-pg': [ '7.5.0' ],
162 silly audit   pg: [ '8.20.0' ],
162 silly audit   '@prisma/driver-adapter-utils': [ '7.5.0' ],
162 silly audit   '@types/pg': [ '8.11.11' ],
162 silly audit   'postgres-array': [ '3.0.4', '2.0.0' ],
162 silly audit   'pg-protocol': [ '1.13.0' ],
162 silly audit   'pg-types': [ '4.1.0', '2.2.0' ],
162 silly audit   'pg-cloudflare': [ '1.3.0' ],
162 silly audit   'pg-connection-string': [ '2.12.0' ],
162 silly audit   'pg-pool': [ '3.13.0' ],
162 silly audit   pgpass: [ '1.0.5' ],
162 silly audit   'pg-int8': [ '1.0.1' ],
162 silly audit   'pg-numeric': [ '1.0.2' ],
162 silly audit   'postgres-bytea': [ '3.0.0', '1.0.1' ],
162 silly audit   'postgres-date': [ '2.1.0', '1.0.7' ],
162 silly audit   'postgres-interval': [ '3.0.0', '1.2.0' ],
162 silly audit   'postgres-range': [ '1.1.4' ],
162 silly audit   split2: [ '4.2.0' ],
162 silly audit   obuf: [ '1.1.2' ],
162 silly audit   xtend: [ '4.0.2' ]
162 silly audit }
163 http cache xtend@https://registry.npmjs.org/xtend/-/xtend-4.0.2.tgz 0ms (cache hit)
164 http cache obuf@https://registry.npmjs.org/obuf/-/obuf-1.1.2.tgz 0ms (cache hit)
165 http cache split2@https://registry.npmjs.org/split2/-/split2-4.2.0.tgz 0ms (cache hit)
166 http cache postgres-range@https://registry.npmjs.org/postgres-range/-/postgres-range-1.1.4.tgz 0ms (cache hit)
167 http cache postgres-interval@https://registry.npmjs.org/postgres-interval/-/postgres-interval-3.0.0.tgz 0ms (cache hit)
168 http cache pg-numeric@https://registry.npmjs.org/pg-numeric/-/pg-numeric-1.0.2.tgz 0ms (cache hit)
169 http cache pg-int8@https://registry.npmjs.org/pg-int8/-/pg-int8-1.0.1.tgz 0ms (cache hit)
170 http cache pgpass@https://registry.npmjs.org/pgpass/-/pgpass-1.0.5.tgz 0ms (cache hit)
171 http cache pg-pool@https://registry.npmjs.org/pg-pool/-/pg-pool-3.13.0.tgz 0ms (cache hit)
172 http cache postgres-date@https://registry.npmjs.org/postgres-date/-/postgres-date-2.1.0.tgz 0ms (cache hit)
173 http cache postgres-bytea@https://registry.npmjs.org/postgres-bytea/-/postgres-bytea-3.0.0.tgz 0ms (cache hit)
174 http cache pg-cloudflare@https://registry.npmjs.org/pg-cloudflare/-/pg-cloudflare-1.3.0.tgz 0ms (cache hit)
175 http cache pg-connection-string@https://registry.npmjs.org/pg-connection-string/-/pg-connection-string-2.12.0.tgz 0ms (cache hit)
176 http cache pg-types@https://registry.npmjs.org/pg-types/-/pg-types-4.1.0.tgz 0ms (cache hit)
177 http cache postgres-array@https://registry.npmjs.org/postgres-array/-/postgres-array-3.0.4.tgz 0ms (cache hit)
178 http cache @types/pg@https://registry.npmjs.org/@types/pg/-/pg-8.11.11.tgz 0ms (cache hit)
179 http cache pg-protocol@https://registry.npmjs.org/pg-protocol/-/pg-protocol-1.13.0.tgz 0ms (cache hit)
180 http cache @prisma/driver-adapter-utils@https://registry.npmjs.org/@prisma/driver-adapter-utils/-/driver-adapter-utils-7.5.0.tgz 0ms (cache hit)
181 http cache pg@https://registry.npmjs.org/pg/-/pg-8.20.0.tgz 0ms (cache hit)
182 http cache @prisma/adapter-pg@https://registry.npmjs.org/@prisma/adapter-pg/-/adapter-pg-7.5.0.tgz 0ms (cache hit)
183 http cache postgres-date@https://registry.npmjs.org/postgres-date/-/postgres-date-1.0.7.tgz 0ms (cache hit)
184 http cache postgres-array@https://registry.npmjs.org/postgres-array/-/postgres-array-2.0.0.tgz 0ms (cache hit)
185 http cache postgres-interval@https://registry.npmjs.org/postgres-interval/-/postgres-interval-1.2.0.tgz 0ms (cache hit)
186 http cache postgres-bytea@https://registry.npmjs.org/postgres-bytea/-/postgres-bytea-1.0.1.tgz 0ms (cache hit)
187 http cache pg-types@https://registry.npmjs.org/pg-types/-/pg-types-2.2.0.tgz 0ms (cache hit)
188 silly tarball no local data for xtend@https://registry.npmjs.org/xtend/-/xtend-4.0.2.tgz. Extracting by manifest.
189 silly tarball no local data for obuf@https://registry.npmjs.org/obuf/-/obuf-1.1.2.tgz. Extracting by manifest.
190 silly tarball no local data for split2@https://registry.npmjs.org/split2/-/split2-4.2.0.tgz. Extracting by manifest.
191 silly tarball no local data for postgres-range@https://registry.npmjs.org/postgres-range/-/postgres-range-1.1.4.tgz. Extracting by manifest.
192 silly tarball no local data for postgres-interval@https://registry.npmjs.org/postgres-interval/-/postgres-interval-3.0.0.tgz. Extracting by manifest.
193 silly tarball no local data for pg-numeric@https://registry.npmjs.org/pg-numeric/-/pg-numeric-1.0.2.tgz. Extracting by manifest.
194 silly tarball no local data for pg-int8@https://registry.npmjs.org/pg-int8/-/pg-int8-1.0.1.tgz. Extracting by manifest.
195 silly tarball no local data for pgpass@https://registry.npmjs.org/pgpass/-/pgpass-1.0.5.tgz. Extracting by manifest.
196 silly tarball no local data for pg-pool@https://registry.npmjs.org/pg-pool/-/pg-pool-3.13.0.tgz. Extracting by manifest.
197 silly tarball no local data for postgres-date@https://registry.npmjs.org/postgres-date/-/postgres-date-2.1.0.tgz. Extracting by manifest.
198 silly tarball no local data for postgres-bytea@https://registry.npmjs.org/postgres-bytea/-/postgres-bytea-3.0.0.tgz. Extracting by manifest.
199 silly tarball no local data for pg-cloudflare@https://registry.npmjs.org/pg-cloudflare/-/pg-cloudflare-1.3.0.tgz. Extracting by manifest.
200 silly tarball no local data for pg-connection-string@https://registry.npmjs.org/pg-connection-string/-/pg-connection-string-2.12.0.tgz. Extracting by manifest.
201 silly tarball no local data for pg-types@https://registry.npmjs.org/pg-types/-/pg-types-4.1.0.tgz. Extracting by manifest.
202 silly tarball no local data for postgres-array@https://registry.npmjs.org/postgres-array/-/postgres-array-3.0.4.tgz. Extracting by manifest.
203 silly tarball no local data for @types/pg@https://registry.npmjs.org/@types/pg/-/pg-8.11.11.tgz. Extracting by manifest.
204 silly tarball no local data for pg-protocol@https://registry.npmjs.org/pg-protocol/-/pg-protocol-1.13.0.tgz. Extracting by manifest.
205 silly tarball no local data for @prisma/driver-adapter-utils@https://registry.npmjs.org/@prisma/driver-adapter-utils/-/driver-adapter-utils-7.5.0.tgz. Extracting by manifest.
206 silly tarball no local data for pg@https://registry.npmjs.org/pg/-/pg-8.20.0.tgz. Extracting by manifest.
207 silly tarball no local data for @prisma/adapter-pg@https://registry.npmjs.org/@prisma/adapter-pg/-/adapter-pg-7.5.0.tgz. Extracting by manifest.
208 silly tarball no local data for postgres-date@https://registry.npmjs.org/postgres-date/-/postgres-date-1.0.7.tgz. Extracting by manifest.
209 silly tarball no local data for postgres-array@https://registry.npmjs.org/postgres-array/-/postgres-array-2.0.0.tgz. Extracting by manifest.
210 silly tarball no local data for postgres-interval@https://registry.npmjs.org/postgres-interval/-/postgres-interval-1.2.0.tgz. Extracting by manifest.
211 silly tarball no local data for postgres-bytea@https://registry.npmjs.org/postgres-bytea/-/postgres-bytea-1.0.1.tgz. Extracting by manifest.
212 silly tarball no local data for pg-types@https://registry.npmjs.org/pg-types/-/pg-types-2.2.0.tgz. Extracting by manifest.
213 http fetch GET 200 https://registry.npmjs.org/split2/-/split2-4.2.0.tgz 125ms (cache miss)
214 http fetch GET 200 https://registry.npmjs.org/pg-int8/-/pg-int8-1.0.1.tgz 124ms (cache miss)
215 http fetch GET 200 https://registry.npmjs.org/pg-numeric/-/pg-numeric-1.0.2.tgz 124ms (cache miss)
216 http fetch GET 200 https://registry.npmjs.org/xtend/-/xtend-4.0.2.tgz 125ms (cache miss)
217 http fetch GET 200 https://registry.npmjs.org/postgres-range/-/postgres-range-1.1.4.tgz 125ms (cache miss)
218 http fetch GET 200 https://registry.npmjs.org/obuf/-/obuf-1.1.2.tgz 126ms (cache miss)
219 http fetch GET 200 https://registry.npmjs.org/pgpass/-/pgpass-1.0.5.tgz 125ms (cache miss)
220 http fetch GET 200 https://registry.npmjs.org/postgres-interval/-/postgres-interval-3.0.0.tgz 126ms (cache miss)
221 http fetch GET 200 https://registry.npmjs.org/postgres-array/-/postgres-array-3.0.4.tgz 155ms (cache miss)
222 http fetch GET 200 https://registry.npmjs.org/postgres-date/-/postgres-date-1.0.7.tgz 155ms (cache miss)
223 http fetch GET 200 https://registry.npmjs.org/@types/pg/-/pg-8.11.11.tgz 156ms (cache miss)
224 http fetch GET 200 https://registry.npmjs.org/pg/-/pg-8.20.0.tgz 157ms (cache miss)
225 http fetch GET 200 https://registry.npmjs.org/postgres-array/-/postgres-array-2.0.0.tgz 158ms (cache miss)
226 http fetch GET 200 https://registry.npmjs.org/pg-protocol/-/pg-protocol-1.13.0.tgz 163ms (cache miss)
227 http fetch GET 200 https://registry.npmjs.org/@prisma/driver-adapter-utils/-/driver-adapter-utils-7.5.0.tgz 169ms (cache miss)
228 http fetch POST 200 https://registry.npmjs.org/-/npm/v1/security/advisories/bulk 186ms
229 silly audit report {
229 silly audit report   '@hono/node-server': [
229 silly audit report     {
229 silly audit report       id: 1114170,
229 silly audit report       url: 'https://github.com/advisories/GHSA-wc8c-qw6v-h7f6',
229 silly audit report       title: '@hono/node-server has authorization bypass for protected static paths via encoded slashes in Serve Static Middleware',
229 silly audit report       severity: 'high',
229 silly audit report       vulnerable_versions: '<1.19.10',
229 silly audit report       cwe: [Array],
229 silly audit report       cvss: [Object]
229 silly audit report     }
229 silly audit report   ],
229 silly audit report   hono: [
229 silly audit report     {
229 silly audit report       id: 1112644,
229 silly audit report       url: 'https://github.com/advisories/GHSA-9r54-q6cx-xmh5',
229 silly audit report       title: 'Hono vulnerable to XSS through ErrorBoundary component ',
229 silly audit report       severity: 'moderate',
229 silly audit report       vulnerable_versions: '<4.11.7',
229 silly audit report       cwe: [Array],
229 silly audit report       cvss: [Object]
229 silly audit report     },
229 silly audit report     {
229 silly audit report       id: 1112677,
229 silly audit report       url: 'https://github.com/advisories/GHSA-6wqw-2p9w-4vw4',
229 silly audit report       title: 'Hono cache middleware ignores "Cache-Control: private" leading to Web Cache Deception',
229 silly audit report       severity: 'moderate',
229 silly audit report       vulnerable_versions: '<4.11.7',
229 silly audit report       cwe: [Array],
229 silly audit report       cvss: [Object]
229 silly audit report     },
229 silly audit report     {
229 silly audit report       id: 1112678,
229 silly audit report       url: 'https://github.com/advisories/GHSA-r354-f388-2fhh',
229 silly audit report       title: 'Hono IPv4 address validation bypass in IP Restriction Middleware allows IP spoofing',
229 silly audit report       severity: 'moderate',
229 silly audit report       vulnerable_versions: '<4.11.7',
229 silly audit report       cwe: [Array],
229 silly audit report       cvss: [Object]
229 silly audit report     },
229 silly audit report     {
229 silly audit report       id: 1112911,
229 silly audit report       url: 'https://github.com/advisories/GHSA-w332-q679-j88p',
229 silly audit report       title: 'Hono has an Arbitrary Key Read in Serve static Middleware (Cloudflare Workers Adapter)',
229 silly audit report       severity: 'moderate',
229 silly audit report       vulnerable_versions: '<4.11.7',
229 silly audit report       cwe: [Array],
229 silly audit report       cvss: [Object]
229 silly audit report     },
229 silly audit report     {
229 silly audit report       id: 1113311,
229 silly audit report       url: 'https://github.com/advisories/GHSA-gq3j-xvxp-8hrf',
229 silly audit report       title: 'Hono added timing comparison hardening in basicAuth and bearerAuth',
229 silly audit report       severity: 'low',
229 silly audit report       vulnerable_versions: '<4.11.10',
229 silly audit report       cwe: [Array],
229 silly audit report       cvss: [Object]
229 silly audit report     },
229 silly audit report     {
229 silly audit report       id: 1114004,
229 silly audit report       url: 'https://github.com/advisories/GHSA-5pq2-9x2x-5p6w',
229 silly audit report       title: 'Hono Vulnerable to Cookie Attribute Injection via Unsanitized domain and path in setCookie()',
229 silly audit report       severity: 'moderate',
229 silly audit report       vulnerable_versions: '<4.12.4',
229 silly audit report       cwe: [Array],
229 silly audit report       cvss: [Object]
229 silly audit report     },
229 silly audit report     {
229 silly audit report       id: 1114005,
229 silly audit report       url: 'https://github.com/advisories/GHSA-p6xx-57qc-3wxr',
229 silly audit report       title: 'Hono Vulnerable to SSE Control Field Injection via CR/LF in writeSSE()',
229 silly audit report       severity: 'moderate',
229 silly audit report       vulnerable_versions: '<4.12.4',
229 silly audit report       cwe: [Array],
229 silly audit report       cvss: [Object]
229 silly audit report     },
229 silly audit report     {
229 silly audit report       id: 1114006,
229 silly audit report       url: 'https://github.com/advisories/GHSA-q5qw-h33p-qvwr',
229 silly audit report       title: 'Hono vulnerable to arbitrary file access via serveStatic vulnerability ',
229 silly audit report       severity: 'high',
229 silly audit report       vulnerable_versions: '<4.12.4',
229 silly audit report       cwe: [Array],
229 silly audit report       cvss: [Object]
229 silly audit report     },
229 silly audit report     {
229 silly audit report       id: 1114341,
229 silly audit report       url: 'https://github.com/advisories/GHSA-v8w9-8mx6-g223',
229 silly audit report       title: 'Hono vulnerable to Prototype Pollution possible through __proto__ key allowed in parseBody({ dot: true })',
229 silly audit report       severity: 'moderate',
229 silly audit report       vulnerable_versions: '<4.12.7',
229 silly audit report       cwe: [Array],
229 silly audit report       cvss: [Object]
229 silly audit report     }
229 silly audit report   ],
229 silly audit report   lodash: [
229 silly audit report     {
229 silly audit report       id: 1112455,
229 silly audit report       url: 'https://github.com/advisories/GHSA-xxjr-mmjv-4gpg',
229 silly audit report       title: 'Lodash has Prototype Pollution Vulnerability in `_.unset` and `_.omit` functions',
229 silly audit report       severity: 'moderate',
229 silly audit report       vulnerable_versions: '>=4.0.0 <=4.17.22',
229 silly audit report       cwe: [Array],
229 silly audit report       cvss: [Object]
229 silly audit report     }
229 silly audit report   ]
229 silly audit report }
230 silly packumentCache corgi:https://registry.npmjs.org/@hono%2fnode-server cache-miss
231 silly packumentCache corgi:https://registry.npmjs.org/hono cache-miss
232 silly packumentCache corgi:https://registry.npmjs.org/lodash cache-miss
233 http fetch GET 200 https://registry.npmjs.org/postgres-interval/-/postgres-interval-1.2.0.tgz 180ms (cache miss)
234 http fetch GET 200 https://registry.npmjs.org/pg-pool/-/pg-pool-3.13.0.tgz 182ms (cache miss)
235 http fetch GET 200 https://registry.npmjs.org/pg-types/-/pg-types-2.2.0.tgz 188ms (cache miss)
236 http fetch GET 200 https://registry.npmjs.org/postgres-bytea/-/postgres-bytea-1.0.1.tgz 192ms (cache miss)
237 http fetch GET 200 https://registry.npmjs.org/pg-cloudflare/-/pg-cloudflare-1.3.0.tgz 194ms (cache miss)
238 http fetch GET 200 https://registry.npmjs.org/pg-connection-string/-/pg-connection-string-2.12.0.tgz 194ms (cache miss)
239 http fetch GET 200 https://registry.npmjs.org/postgres-bytea/-/postgres-bytea-3.0.0.tgz 195ms (cache miss)
240 http fetch GET 200 https://registry.npmjs.org/@prisma/adapter-pg/-/adapter-pg-7.5.0.tgz 193ms (cache miss)
241 http fetch GET 200 https://registry.npmjs.org/pg-types/-/pg-types-4.1.0.tgz 195ms (cache miss)
242 http fetch GET 200 https://registry.npmjs.org/postgres-date/-/postgres-date-2.1.0.tgz 200ms (cache miss)
243 http fetch GET 200 https://registry.npmjs.org/lodash 130ms (cache miss)
244 silly packumentCache corgi:https://registry.npmjs.org/lodash set size:undefined disposed:false
245 http fetch GET 200 https://registry.npmjs.org/hono 133ms (cache miss)
246 silly packumentCache corgi:https://registry.npmjs.org/hono set size:undefined disposed:false
247 http fetch GET 200 https://registry.npmjs.org/@hono%2fnode-server 626ms (cache miss)
248 silly packumentCache corgi:https://registry.npmjs.org/@hono%2fnode-server set size:undefined disposed:false
249 silly packumentCache corgi:https://registry.npmjs.org/@modelcontextprotocol%2fsdk cache-miss
250 silly packumentCache corgi:https://registry.npmjs.org/@prisma%2fdev cache-miss
251 http fetch GET 200 https://registry.npmjs.org/@modelcontextprotocol%2fsdk 66ms (cache miss)
252 silly packumentCache corgi:https://registry.npmjs.org/@modelcontextprotocol%2fsdk set size:undefined disposed:false
253 http fetch GET 200 https://registry.npmjs.org/@prisma%2fdev 68ms (cache miss)
254 silly packumentCache corgi:https://registry.npmjs.org/@prisma%2fdev set size:undefined disposed:false
255 silly packumentCache corgi:https://registry.npmjs.org/@chevrotain%2fcst-dts-gen cache-miss
256 silly packumentCache corgi:https://registry.npmjs.org/@chevrotain%2fgast cache-miss
257 silly packumentCache corgi:https://registry.npmjs.org/chevrotain cache-miss
258 http fetch GET 200 https://registry.npmjs.org/@chevrotain%2fcst-dts-gen 47ms (cache miss)
259 silly packumentCache corgi:https://registry.npmjs.org/@chevrotain%2fcst-dts-gen set size:undefined disposed:false
260 http fetch GET 200 https://registry.npmjs.org/chevrotain 48ms (cache miss)
261 silly packumentCache corgi:https://registry.npmjs.org/chevrotain set size:undefined disposed:false
262 http fetch GET 200 https://registry.npmjs.org/@chevrotain%2fgast 51ms (cache miss)
263 silly packumentCache corgi:https://registry.npmjs.org/@chevrotain%2fgast set size:undefined disposed:false
264 silly packumentCache corgi:https://registry.npmjs.org/prisma cache-miss
265 http fetch GET 200 https://registry.npmjs.org/prisma 419ms (cache miss)
266 silly packumentCache corgi:https://registry.npmjs.org/prisma set size:undefined disposed:false
267 silly packumentCache corgi:https://registry.npmjs.org/@mrleebo%2fprisma-ast cache-miss
268 http fetch GET 200 https://registry.npmjs.org/@mrleebo%2fprisma-ast 127ms (cache miss)
269 silly packumentCache corgi:https://registry.npmjs.org/@mrleebo%2fprisma-ast set size:undefined disposed:false
270 silly packumentCache corgi:https://registry.npmjs.org/@prisma%2fclient cache-miss
271 http fetch GET 200 https://registry.npmjs.org/@prisma%2fclient 762ms (cache miss)
272 silly packumentCache corgi:https://registry.npmjs.org/@prisma%2fclient set size:undefined disposed:false
273 silly ADD node_modules/xtend
274 silly ADD node_modules/obuf
275 silly ADD node_modules/split2
276 silly ADD node_modules/postgres-range
277 silly ADD node_modules/postgres-interval
278 silly ADD node_modules/postgres-date
279 silly ADD node_modules/postgres-bytea
280 silly ADD node_modules/pg-numeric
281 silly ADD node_modules/pg-int8
282 silly ADD node_modules/pgpass
283 silly ADD node_modules/pg-pool
284 silly ADD node_modules/pg-connection-string
285 silly ADD node_modules/pg-cloudflare
286 silly ADD node_modules/pg-types
287 silly ADD node_modules/pg-protocol
288 silly ADD node_modules/postgres-array
289 silly ADD node_modules/@types/pg
290 silly ADD node_modules/@prisma/driver-adapter-utils
291 silly ADD node_modules/pg
292 silly ADD node_modules/pg/node_modules/postgres-interval
293 silly ADD node_modules/pg/node_modules/postgres-date
294 silly ADD node_modules/pg/node_modules/postgres-bytea
295 silly ADD node_modules/pg/node_modules/postgres-array
296 silly ADD node_modules/pg/node_modules/pg-types
297 silly ADD node_modules/@prisma/adapter-pg
298 verbose cwd /Users/kevinmacbookpro/Documents/sam-check
299 verbose os Darwin 25.3.0
300 verbose node v25.8.0
301 verbose npm  v11.11.0
302 notice
302 notice New patch version of npm available! 11.11.0 -> 11.11.1
302 notice Changelog: https://github.com/npm/cli/releases/tag/v11.11.1
302 notice To update run: npm install -g npm@11.11.1
302 notice  { force: true, Symbol(proc-log.meta): true }
303 verbose exit 0
304 info ok
